<?xml version="1.0" encoding="UTF-8"?>
<!-- Generated by org.testng.reporters.JUnitReportReporter -->
<testsuite hostname="LAPTOP-53CVDCND" failures="0" tests="3" name="qa.luma.TestCases.TC_HomePage_01" time="28.537" errors="0" timestamp="2022-11-30T13:43:14 IST" skipped="0">
  <testcase classname="qa.luma.TestCases.TC_HomePage_01" name="checkTitle" time="7.533"/>
  <system-out/>
  <testcase classname="qa.luma.TestCases.TC_HomePage_01" name="checkLogo" time="9.024"/>
  <system-out/>
  <testcase classname="qa.luma.TestCases.TC_HomePage_01" name="checkLoginButton" time="11.980"/>
  <system-out/>
</testsuite> <!-- qa.luma.TestCases.TC_HomePage_01 -->
