<?xml version="1.0" encoding="UTF-8"?>
<!-- Generated by org.testng.reporters.JUnitReportReporter -->
<testsuite hostname="LAPTOP-53CVDCND" failures="0" tests="3" name="qa.luma.TestCases.TC_Login_01" time="38.797" errors="0" timestamp="2022-11-30T13:43:14 IST" skipped="0">
  <testcase classname="qa.luma.TestCases.TC_Login_01" name="loginTest" time="14.308"/>
  <system-out/>
  <testcase classname="qa.luma.TestCases.TC_Login_01" name="forgetPasswordTest" time="12.942"/>
  <system-out/>
  <testcase classname="qa.luma.TestCases.TC_Login_01" name="createAccountBtnTest" time="11.547"/>
  <system-out/>
</testsuite> <!-- qa.luma.TestCases.TC_Login_01 -->
